[2023-05-08T15:13:14.648] [ERROR] default - Error: Invalid login: 535-5.7.8 Username and Password not accepted. Learn more at
535 5.7.8  https://support.google.com/mail/?p=BadCredentials v26-20020a4ae6da000000b0054c84710025sm4285185oot.8 - gsmtp
    at SMTPConnection._formatError (F:\Trabajos\Backend\Trabajo-Final-Backend-main\node_modules\nodemailer\lib\smtp-connection\index.js:790:19)
    at SMTPConnection._actionAUTHComplete (F:\Trabajos\Backend\Trabajo-Final-Backend-main\node_modules\nodemailer\lib\smtp-connection\index.js:1542:34)
    at SMTPConnection.<anonymous> (F:\Trabajos\Backend\Trabajo-Final-Backend-main\node_modules\nodemailer\lib\smtp-connection\index.js:546:26)
    at SMTPConnection._processResponse (F:\Trabajos\Backend\Trabajo-Final-Backend-main\node_modules\nodemailer\lib\smtp-connection\index.js:953:20)
    at SMTPConnection._onData (F:\Trabajos\Backend\Trabajo-Final-Backend-main\node_modules\nodemailer\lib\smtp-connection\index.js:755:14)
    at SMTPConnection._onSocketData (F:\Trabajos\Backend\Trabajo-Final-Backend-main\node_modules\nodemailer\lib\smtp-connection\index.js:193:44)
    at TLSSocket.emit (node:events:513:28)
    at addChunk (node:internal/streams/readable:324:12)
    at readableAddChunk (node:internal/streams/readable:297:9)
    at Readable.push (node:internal/streams/readable:234:10) {
  code: 'EAUTH',
  response: '535-5.7.8 Username and Password not accepted. Learn more at\n' +
    '535 5.7.8  https://support.google.com/mail/?p=BadCredentials v26-20020a4ae6da000000b0054c84710025sm4285185oot.8 - gsmtp',
  responseCode: 535,
  command: 'AUTH PLAIN'
}
[2023-05-08T15:15:46.409] [ERROR] default - Error: Invalid login: 535-5.7.8 Username and Password not accepted. Learn more at
535 5.7.8  https://support.google.com/mail/?p=BadCredentials s25-20020a4ae559000000b0051134f333d3sm4308526oot.16 - gsmtp
    at SMTPConnection._formatError (F:\Trabajos\Backend\Trabajo-Final-Backend-main\node_modules\nodemailer\lib\smtp-connection\index.js:790:19)
    at SMTPConnection._actionAUTHComplete (F:\Trabajos\Backend\Trabajo-Final-Backend-main\node_modules\nodemailer\lib\smtp-connection\index.js:1542:34)
    at SMTPConnection.<anonymous> (F:\Trabajos\Backend\Trabajo-Final-Backend-main\node_modules\nodemailer\lib\smtp-connection\index.js:546:26)
    at SMTPConnection._processResponse (F:\Trabajos\Backend\Trabajo-Final-Backend-main\node_modules\nodemailer\lib\smtp-connection\index.js:953:20)
    at SMTPConnection._onData (F:\Trabajos\Backend\Trabajo-Final-Backend-main\node_modules\nodemailer\lib\smtp-connection\index.js:755:14)
    at SMTPConnection._onSocketData (F:\Trabajos\Backend\Trabajo-Final-Backend-main\node_modules\nodemailer\lib\smtp-connection\index.js:193:44)
    at TLSSocket.emit (node:events:513:28)
    at addChunk (node:internal/streams/readable:324:12)
    at readableAddChunk (node:internal/streams/readable:297:9)
    at Readable.push (node:internal/streams/readable:234:10) {
  code: 'EAUTH',
  response: '535-5.7.8 Username and Password not accepted. Learn more at\n' +
    '535 5.7.8  https://support.google.com/mail/?p=BadCredentials s25-20020a4ae559000000b0051134f333d3sm4308526oot.16 - gsmtp',
  responseCode: 535,
  command: 'AUTH PLAIN'
}
[2023-05-08T15:20:06.952] [ERROR] default - Error: Usuarios validation failed: edad: Path `edad` is required., direccion: Path `direccion` is required., nombre: Path `nombre` is required.
    at ValidationError.inspect (F:\Trabajos\Backend\Trabajo-Final-Backend-main\node_modules\mongoose\lib\error\validation.js:49:26)
    at formatValue (node:internal/util/inspect:806:19)
    at inspect (node:internal/util/inspect:365:10)
    at formatWithOptionsInternal (node:internal/util/inspect:2273:40)
    at Object.format (node:internal/util/inspect:2130:10)
    at basicLayout (F:\Trabajos\Backend\Trabajo-Final-Backend-main\node_modules\log4js\lib\layouts.js:65:52)
    at app (F:\Trabajos\Backend\Trabajo-Final-Backend-main\node_modules\log4js\lib\appenders\file.js:98:23)
    at F:\Trabajos\Backend\Trabajo-Final-Backend-main\node_modules\log4js\lib\appenders\logLevelFilter.js:10:7
    at F:\Trabajos\Backend\Trabajo-Final-Backend-main\node_modules\log4js\lib\log4js.js:43:5
    at Array.forEach (<anonymous>) {
  errors: {
    edad: ValidatorError: Path `edad` is required.
        at validate (F:\Trabajos\Backend\Trabajo-Final-Backend-main\node_modules\mongoose\lib\schematype.js:1346:13)
        at SchemaType.doValidate (F:\Trabajos\Backend\Trabajo-Final-Backend-main\node_modules\mongoose\lib\schematype.js:1330:7)
        at F:\Trabajos\Backend\Trabajo-Final-Backend-main\node_modules\mongoose\lib\document.js:2835:18
        at process.processTicksAndRejections (node:internal/process/task_queues:77:11) {
      properties: [Object],
      kind: 'required',
      path: 'edad',
      value: undefined,
      reason: undefined,
      [Symbol(mongoose:validatorError)]: true
    },
    direccion: ValidatorError: Path `direccion` is required.
        at validate (F:\Trabajos\Backend\Trabajo-Final-Backend-main\node_modules\mongoose\lib\schematype.js:1346:13)
        at SchemaType.doValidate (F:\Trabajos\Backend\Trabajo-Final-Backend-main\node_modules\mongoose\lib\schematype.js:1330:7)
        at F:\Trabajos\Backend\Trabajo-Final-Backend-main\node_modules\mongoose\lib\document.js:2835:18
        at process.processTicksAndRejections (node:internal/process/task_queues:77:11) {
      properties: [Object],
      kind: 'required',
      path: 'direccion',
      value: undefined,
      reason: undefined,
      [Symbol(mongoose:validatorError)]: true
    },
    nombre: ValidatorError: Path `nombre` is required.
        at validate (F:\Trabajos\Backend\Trabajo-Final-Backend-main\node_modules\mongoose\lib\schematype.js:1346:13)
        at SchemaType.doValidate (F:\Trabajos\Backend\Trabajo-Final-Backend-main\node_modules\mongoose\lib\schematype.js:1330:7)
        at F:\Trabajos\Backend\Trabajo-Final-Backend-main\node_modules\mongoose\lib\document.js:2835:18
        at process.processTicksAndRejections (node:internal/process/task_queues:77:11) {
      properties: [Object],
      kind: 'required',
      path: 'nombre',
      value: undefined,
      reason: undefined,
      [Symbol(mongoose:validatorError)]: true
    }
  },
  _message: 'Usuarios validation failed'
}
[2023-05-08T15:20:08.660] [ERROR] default - Error: Invalid login: 535-5.7.8 Username and Password not accepted. Learn more at
535 5.7.8  https://support.google.com/mail/?p=BadCredentials m20-20020aca1e14000000b003896e31867esm255532oic.49 - gsmtp
    at SMTPConnection._formatError (F:\Trabajos\Backend\Trabajo-Final-Backend-main\node_modules\nodemailer\lib\smtp-connection\index.js:790:19)
    at SMTPConnection._actionAUTHComplete (F:\Trabajos\Backend\Trabajo-Final-Backend-main\node_modules\nodemailer\lib\smtp-connection\index.js:1542:34)
    at SMTPConnection.<anonymous> (F:\Trabajos\Backend\Trabajo-Final-Backend-main\node_modules\nodemailer\lib\smtp-connection\index.js:546:26)
    at SMTPConnection._processResponse (F:\Trabajos\Backend\Trabajo-Final-Backend-main\node_modules\nodemailer\lib\smtp-connection\index.js:953:20)
    at SMTPConnection._onData (F:\Trabajos\Backend\Trabajo-Final-Backend-main\node_modules\nodemailer\lib\smtp-connection\index.js:755:14)
    at SMTPConnection._onSocketData (F:\Trabajos\Backend\Trabajo-Final-Backend-main\node_modules\nodemailer\lib\smtp-connection\index.js:193:44)
    at TLSSocket.emit (node:events:513:28)
    at addChunk (node:internal/streams/readable:324:12)
    at readableAddChunk (node:internal/streams/readable:297:9)
    at Readable.push (node:internal/streams/readable:234:10) {
  code: 'EAUTH',
  response: '535-5.7.8 Username and Password not accepted. Learn more at\n' +
    '535 5.7.8  https://support.google.com/mail/?p=BadCredentials m20-20020aca1e14000000b003896e31867esm255532oic.49 - gsmtp',
  responseCode: 535,
  command: 'AUTH PLAIN'
}
